#
# A fatal error has been detected by the Java Runtime Environment:
#
#  SIGBUS (0xa) at pc=0x0000000109d76eb9, pid=15417, tid=27395
#
# JRE version: Java(TM) SE Runtime Environment (8.0_65-b17) (build 1.8.0_65-b17)
# Java VM: Java HotSpot(TM) 64-Bit Server VM (25.65-b01 mixed mode bsd-amd64 compressed oops)
# Problematic frame:
# C  [libzip.dylib+0x2eb9]  newEntry+0x154
#
# Failed to write core dump. Core dumps have been disabled. To enable core dumping, try "ulimit -c unlimited" before starting Java again
#
# If you would like to submit a bug report, please visit:
#   http://bugreport.java.com/bugreport/crash.jsp
# The crash happened outside the Java Virtual Machine in native code.
# See problematic frame for where to report the bug.
#

---------------  T H R E A D  ---------------

Current thread (0x00007ff08619c000):  JavaThread "Thread-14" [_thread_in_native, id=27395, stack(0x00000001237ae000,0x00000001238ae000)]

siginfo: si_signo: 10 (SIGBUS), si_code: 2 (BUS_ADRERR), si_addr: 0x00000001212f3a02

Registers:
RAX=0x00007ff08143a190, RBX=0x00000001212f39f6, RCX=0x00000000ffffff01, RDX=0x0000000000000008
RSP=0x00000001238ab430, RBP=0x00000001238ab490, RSI=0x0000000000000048, RDI=0x0000000109bfda00
R8 =0x0000000000000001, R9 =0x0000000000000001, R10=0x000000010b7e89d8, R11=0xfffffff977c7ab3e
R12=0x0000000121213000, R13=0x00000000000172e0, R14=0x000000009ac6435b, R15=0x00007ff083c134e0
RIP=0x0000000109d76eb9, EFLAGS=0x0000000000010206, ERR=0x0000000000000004
  TRAPNO=0x000000000000000e

Top of Stack: (sp=0x00000001238ab430)
0x00000001238ab430:   0000000000000000 0000000000000000
0x00000001238ab440:   0000000000000000 0000000000000000
0x00000001238ab450:   00000001238ab470 00007ff08143a190
0x00000001238ab460:   00007ff0814459a0 00007ff08143a190
0x00000001238ab470:   0000000121213000 00000000000172e0
0x00000001238ab480:   000000009ac6435b 00007ff083c134e0
0x00000001238ab490:   00000001238ab4f0 0000000109d77554
0x00000001238ab4a0:   00000001238ab53a 00000001238ab539
0x00000001238ab4b0:   0000002a00000000 0000002b0119c000
0x00000001238ab4c0:   00000001238ab50e 00000001238ab958
0x00000001238ab4d0:   000000000000002b 00000001238ab50e
0x00000001238ab4e0:   00007ff08143a190 00007ff08619c1f8
0x00000001238ab4f0:   00000001238ab940 0000000109d7634f
0x00000001238ab500:   000000010abdd799 726f000000000001
0x00000001238ab510:   7370696c63652f67 2f797474656a2f65
0x00000001238ab520:   7475462f6c697475 626c6c6143657275
0x00000001238ab530:   73616c632e6b6361 00000001238a0073
0x00000001238ab540:   00007fff7b8926b8 00000000ffffffff
0x00000001238ab550:   0000000000000000 0000003800000000
0x00000001238ab560:   0000000000000001 000000010ac0afb8
0x00000001238ab570:   ffffffc800000000 0000000000000001
0x00000001238ab580:   00007ff08150f11c 0000000000000038
0x00000001238ab590:   0000000000000001 0000000000000001
0x00000001238ab5a0:   0000000000000000 0000000000000000
0x00000001238ab5b0:   0000000000000000 0000000100000000
0x00000001238ab5c0:   00000001238abd48 0000000000000002
0x00000001238ab5d0:   00000001238aba20 0000000000000000
0x00000001238ab5e0:   0000000000000000 0000000000000038
0x00000001238ab5f0:   00000038238abd38 00000001238abfe0
0x00000001238ab600:   00007fff7b8926b8 00000000ffffffff
0x00000001238ab610:   0000000000000000 0000000000000000
0x00000001238ab620:   00000005238abd60 5800000000000000 

Instructions: (pc=0x0000000109d76eb9)
0x0000000109d76e99:   49 8b 7f 38 e8 50 1b 00 00 4d 89 77 38 49 89 5f
0x0000000109d76ea9:   40 4c 89 f0 48 85 c0 0f 84 11 05 00 00 48 89 c3
0x0000000109d76eb9:   0f b6 43 0c 0f b6 4b 0d 48 c1 e1 08 48 01 c1 0f
0x0000000109d76ec9:   b6 43 0e 0f b6 53 0f 48 c1 e2 08 48 01 c2 48 c1 

Register to memory mapping:

RAX=0x00007ff08143a190 is an unknown value
RBX=0x00000001212f39f6 is an unknown value
RCX=0x00000000ffffff01 is an unknown value
RDX=0x0000000000000008 is an unknown value
RSP=0x00000001238ab430 is pointing into the stack for thread: 0x00007ff08619c000
RBP=0x00000001238ab490 is pointing into the stack for thread: 0x00007ff08619c000
RSI=0x0000000000000048 is an unknown value
RDI=0x0000000109bfda00 is an unknown value
R8 =0x0000000000000001 is an unknown value
R9 =0x0000000000000001 is an unknown value
R10=0x000000010b7e89d8 is at entry_point+88 in (nmethod*)0x000000010b7e8810
R11=0xfffffff977c7ab3e is an unknown value
R12=0x0000000121213000 is an unknown value
R13=0x00000000000172e0 is an unknown value
R14=0x000000009ac6435b is an unknown value
R15=0x00007ff083c134e0 is an unknown value


Stack: [0x00000001237ae000,0x00000001238ae000],  sp=0x00000001238ab430,  free space=1013k
Native frames: (J=compiled Java code, j=interpreted, Vv=VM code, C=native code)
C  [libzip.dylib+0x2eb9]  newEntry+0x154
C  [libzip.dylib+0x3554]  ZIP_GetEntry2+0xd4
C  [libzip.dylib+0x234f]  Java_java_util_zip_ZipFile_getEntry+0xcf
J 173  java.util.zip.ZipFile.getEntry(J[BZ)J (0 bytes) @ 0x000000010b7e8a4e [0x000000010b7e8980+0xce]
J 2412 C2 sun.misc.URLClassPath$JarLoader.getResource(Ljava/lang/String;Z)Lsun/misc/Resource; (85 bytes) @ 0x000000010be002b4 [0x000000010bdffd80+0x534]
J 2837 C2 java.net.URLClassLoader$1.run()Ljava/lang/Object; (5 bytes) @ 0x000000010bf27404 [0x000000010bf26e40+0x5c4]
v  ~StubRoutines::call_stub
V  [libjvm.dylib+0x2eab02]
V  [libjvm.dylib+0x34afcc]
J 215  java.security.AccessController.doPrivileged(Ljava/security/PrivilegedExceptionAction;Ljava/security/AccessControlContext;)Ljava/lang/Object; (0 bytes) @ 0x000000010b804095 [0x000000010b803fc0+0xd5]
J 1824 C2 java.net.URLClassLoader.findClass(Ljava/lang/String;)Ljava/lang/Class; (47 bytes) @ 0x000000010bc3003c [0x000000010bc2ffa0+0x9c]
J 2815 C1 java.lang.ClassLoader.loadClass(Ljava/lang/String;Z)Ljava/lang/Class; (122 bytes) @ 0x000000010bebb50c [0x000000010bebab40+0x9cc]
J 246 C1 sun.misc.Launcher$AppClassLoader.loadClass(Ljava/lang/String;Z)Ljava/lang/Class; (85 bytes) @ 0x000000010b81b7e4 [0x000000010b81ae40+0x9a4]
J 245 C1 java.lang.ClassLoader.loadClass(Ljava/lang/String;)Ljava/lang/Class; (7 bytes) @ 0x000000010b81aa84 [0x000000010b81a980+0x104]
v  ~StubRoutines::call_stub
V  [libjvm.dylib+0x2eab02]
V  [libjvm.dylib+0x2eb290]
V  [libjvm.dylib+0x2eb3e8]
V  [libjvm.dylib+0x533640]
V  [libjvm.dylib+0x532dd9]
V  [libjvm.dylib+0x53385c]
V  [libjvm.dylib+0x533ed9]
V  [libjvm.dylib+0x1e17aa]
V  [libjvm.dylib+0x1f1a6e]
V  [libjvm.dylib+0x2e64df]
j  org.eclipse.jetty.server.AbstractConnector.shutdown()Ljava/util/concurrent/Future;+0
j  org.eclipse.jetty.server.AbstractNetworkConnector.shutdown()Ljava/util/concurrent/Future;+5
j  org.eclipse.jetty.server.ServerConnector.shutdown()Ljava/util/concurrent/Future;+1
j  org.eclipse.jetty.server.Server.doStop()V+60
j  org.eclipse.jetty.util.component.AbstractLifeCycle.stop()V+30
j  org.eclipse.jetty.util.thread.ShutdownThread.run()V+41
v  ~StubRoutines::call_stub
V  [libjvm.dylib+0x2eab02]
V  [libjvm.dylib+0x2eb290]
V  [libjvm.dylib+0x2eb43c]
V  [libjvm.dylib+0x345959]
V  [libjvm.dylib+0x5612d3]
V  [libjvm.dylib+0x5629ce]
V  [libjvm.dylib+0x48342e]
C  [libsystem_pthread.dylib+0x405a]  _pthread_body+0x83
C  [libsystem_pthread.dylib+0x3fd7]  _pthread_body+0x0
C  [libsystem_pthread.dylib+0x13ed]  thread_start+0xd
C  0x0000000000000000

Java frames: (J=compiled Java code, j=interpreted, Vv=VM code)
J 173  java.util.zip.ZipFile.getEntry(J[BZ)J (0 bytes) @ 0x000000010b7e89d8 [0x000000010b7e8980+0x58]
J 2412 C2 sun.misc.URLClassPath$JarLoader.getResource(Ljava/lang/String;Z)Lsun/misc/Resource; (85 bytes) @ 0x000000010be002b4 [0x000000010bdffd80+0x534]
J 2837 C2 java.net.URLClassLoader$1.run()Ljava/lang/Object; (5 bytes) @ 0x000000010bf27404 [0x000000010bf26e40+0x5c4]
v  ~StubRoutines::call_stub
J 215  java.security.AccessController.doPrivileged(Ljava/security/PrivilegedExceptionAction;Ljava/security/AccessControlContext;)Ljava/lang/Object; (0 bytes) @ 0x000000010b804023 [0x000000010b803fc0+0x63]
J 1824 C2 java.net.URLClassLoader.findClass(Ljava/lang/String;)Ljava/lang/Class; (47 bytes) @ 0x000000010bc3003c [0x000000010bc2ffa0+0x9c]
J 2815 C1 java.lang.ClassLoader.loadClass(Ljava/lang/String;Z)Ljava/lang/Class; (122 bytes) @ 0x000000010bebb50c [0x000000010bebab40+0x9cc]
J 246 C1 sun.misc.Launcher$AppClassLoader.loadClass(Ljava/lang/String;Z)Ljava/lang/Class; (85 bytes) @ 0x000000010b81b7e4 [0x000000010b81ae40+0x9a4]
J 245 C1 java.lang.ClassLoader.loadClass(Ljava/lang/String;)Ljava/lang/Class; (7 bytes) @ 0x000000010b81aa84 [0x000000010b81a980+0x104]
v  ~StubRoutines::call_stub
j  org.eclipse.jetty.server.AbstractConnector.shutdown()Ljava/util/concurrent/Future;+0
j  org.eclipse.jetty.server.AbstractNetworkConnector.shutdown()Ljava/util/concurrent/Future;+5
j  org.eclipse.jetty.server.ServerConnector.shutdown()Ljava/util/concurrent/Future;+1
j  org.eclipse.jetty.server.Server.doStop()V+60
j  org.eclipse.jetty.util.component.AbstractLifeCycle.stop()V+30
j  org.eclipse.jetty.util.thread.ShutdownThread.run()V+41
v  ~StubRoutines::call_stub

---------------  P R O C E S S  ---------------

Java Threads: ( => current thread )
=>0x00007ff08619c000 JavaThread "Thread-14" [_thread_in_native, id=27395, stack(0x00000001237ae000,0x00000001238ae000)]
  0x00007ff0858b5800 JavaThread "SIGTERM handler" daemon [_thread_blocked, id=21511, stack(0x0000000122d67000,0x0000000122e67000)]
  0x00007ff084d0c800 JavaThread "SIGHUP handler" daemon [_thread_blocked, id=20743, stack(0x00000001227ca000,0x00000001228ca000)]
  0x00007ff084b42000 JavaThread "Scheduler-906741317" [_thread_blocked, id=12039, stack(0x000000011f131000,0x000000011f231000)]
  0x00007ff08584a800 JavaThread "DestroyJavaVM" [_thread_blocked, id=3847, stack(0x000000010b58a000,0x000000010b68a000)]
  0x00007ff081e9d800 JavaThread "dw-22" [_thread_blocked, id=26115, stack(0x0000000124db9000,0x0000000124eb9000)]
  0x00007ff081d99800 JavaThread "dw-21" [_thread_blocked, id=25603, stack(0x0000000124cb6000,0x0000000124db6000)]
  0x00007ff081d98800 JavaThread "dw-20" [_thread_blocked, id=25091, stack(0x0000000124bb3000,0x0000000124cb3000)]
  0x00007ff084928800 JavaThread "dw-19" [_thread_blocked, id=24579, stack(0x0000000124ab0000,0x0000000124bb0000)]
  0x00007ff0849b0800 JavaThread "dw-18-selector-ServerConnectorManager@57daa354/3" [_thread_in_native, id=24067, stack(0x00000001249ad000,0x0000000124aad000)]
  0x00007ff082e20000 JavaThread "dw-17-selector-ServerConnectorManager@57daa354/2" [_thread_in_native, id=23555, stack(0x00000001248aa000,0x00000001249aa000)]
  0x00007ff0847f6800 JavaThread "dw-16-selector-ServerConnectorManager@57daa354/1" [_thread_in_native, id=23043, stack(0x00000001247a7000,0x00000001248a7000)]
  0x00007ff0822f3800 JavaThread "dw-15-selector-ServerConnectorManager@57daa354/0" [_thread_in_native, id=22531, stack(0x00000001246a4000,0x00000001247a4000)]
  0x00007ff081ebd000 JavaThread "AsyncAppender-Worker-async-console-appender" daemon [_thread_blocked, id=22283, stack(0x00000001245a1000,0x00000001246a1000)]
  0x00007ff082426000 JavaThread "Tomcat JDBC Pool Cleaner[118352462:1468544328853]" daemon [_thread_in_native, id=20227, stack(0x0000000122b88000,0x0000000122c88000)]
  0x00007ff082370000 JavaThread "AsyncAppender-Worker-async-file-appender" daemon [_thread_blocked, id=19715, stack(0x0000000122202000,0x0000000122302000)]
  0x00007ff0829c0000 JavaThread "AsyncAppender-Worker-async-console-appender" daemon [_thread_blocked, id=19203, stack(0x00000001220ff000,0x00000001221ff000)]
  0x00007ff083046800 JavaThread "Service Thread" daemon [_thread_blocked, id=18179, stack(0x0000000120e19000,0x0000000120f19000)]
  0x00007ff08183d800 JavaThread "C1 CompilerThread2" daemon [_thread_blocked, id=17667, stack(0x0000000120d16000,0x0000000120e16000)]
  0x00007ff081837800 JavaThread "C2 CompilerThread1" daemon [_thread_blocked, id=17155, stack(0x0000000120c13000,0x0000000120d13000)]
  0x00007ff081835800 JavaThread "C2 CompilerThread0" daemon [_thread_blocked, id=16643, stack(0x0000000120b10000,0x0000000120c10000)]
  0x00007ff08183c800 JavaThread "Signal Dispatcher" daemon [_thread_blocked, id=13335, stack(0x0000000120a0d000,0x0000000120b0d000)]
  0x00007ff08203f000 JavaThread "Finalizer" daemon [_thread_blocked, id=11523, stack(0x000000011f001000,0x000000011f101000)]
  0x00007ff08203e000 JavaThread "Reference Handler" daemon [_thread_blocked, id=11011, stack(0x000000011eefe000,0x000000011effe000)]

Other Threads:
  0x00007ff08203b800 VMThread [stack: 0x000000011edfb000,0x000000011eefb000] [id=10499]
  0x00007ff08281f000 WatcherThread [stack: 0x0000000120f1c000,0x000000012101c000] [id=18691]

VM state:not at safepoint (normal execution)

VM Mutex/Monitor currently owned by a thread: None

Heap:
 PSYoungGen      total 76800K, used 17819K [0x00000007aab00000, 0x00000007b1200000, 0x00000007c0000000)
  eden space 66048K, 26% used [0x00000007aab00000,0x00000007abc66dd8,0x00000007aeb80000)
  from space 10752K, 0% used [0x00000007af580000,0x00000007af580000,0x00000007b0000000)
  to   space 10240K, 0% used [0x00000007aeb80000,0x00000007aeb80000,0x00000007af580000)
 ParOldGen       total 58880K, used 12786K [0x0000000780000000, 0x0000000783980000, 0x00000007aab00000)
  object space 58880K, 21% used [0x0000000780000000,0x0000000780c7c898,0x0000000783980000)
 Metaspace       used 37773K, capacity 38042K, committed 38312K, reserved 1083392K
  class space    used 4945K, capacity 5010K, committed 5032K, reserved 1048576K

Card table byte_map: [0x000000011aa4c000,0x000000011ac4d000] byte_map_base: 0x0000000116e4c000

Marking Bits: (ParMarkBitMap*) 0x000000010aedee20
 Begin Bits: [0x000000011b1af000, 0x000000011c1af000)
 End Bits:   [0x000000011c1af000, 0x000000011d1af000)

Polling page: 0x0000000109d6a000

CodeCache: size=245760Kb used=9606Kb max_used=9791Kb free=236153Kb
 bounds [0x000000010b68c000, 0x000000010c02c000, 0x000000011a68c000]
 total_blobs=3642 nmethods=3126 adapters=429
 compilation: enabled

Compilation events (10 events):
Event: 636.646 Thread 0x00007ff08183d800 3187       1       ch.qos.logback.classic.spi.ClassPackagingData::isExact (5 bytes)
Event: 636.646 Thread 0x00007ff08183d800 nmethod 3187 0x000000010b989410 code [0x000000010b989560, 0x000000010b989670]
Event: 636.660 Thread 0x00007ff081835800 nmethod 3190 0x000000010b886b50 code [0x000000010b886ce0, 0x000000010b887418]
Event: 636.668 Thread 0x00007ff081837800 nmethod 3191 0x000000010b84d290 code [0x000000010b84d4c0, 0x000000010b84dfe8]
Event: 676.897 Thread 0x00007ff08183d800 3192       3       org.postgresql.core.v3.SimpleQuery::<init> (15 bytes)
Event: 676.898 Thread 0x00007ff08183d800 nmethod 3192 0x000000010b988f90 code [0x000000010b989100, 0x000000010b9892f0]
Event: 676.899 Thread 0x00007ff08183d800 3193       3       org.postgresql.core.Field::<init> (78 bytes)
Event: 676.899 Thread 0x00007ff08183d800 nmethod 3193 0x000000010b886650 code [0x000000010b8867c0, 0x000000010b886a30]
Event: 21258.402 Thread 0x00007ff08183d800 3194  s    3       java.util.Hashtable::containsKey (65 bytes)
Event: 21258.410 Thread 0x00007ff08183d800 nmethod 3194 0x000000010b888410 code [0x000000010b8885c0, 0x000000010b888bf8]

GC Heap History (10 events):
Event: 1.820 GC heap before
{Heap before GC invocations=6 (full 1):
 PSYoungGen      total 35328K, used 2554K [0x00000007aab00000, 0x00000007af800000, 0x00000007c0000000)
  eden space 32768K, 0% used [0x00000007aab00000,0x00000007aab00000,0x00000007acb00000)
  from space 2560K, 99% used [0x00000007acb00000,0x00000007acd7ea00,0x00000007acd80000)
  to   space 6656K, 0% used [0x00000007af180000,0x00000007af180000,0x00000007af800000)
 ParOldGen       total 44032K, used 14420K [0x0000000780000000, 0x0000000782b00000, 0x00000007aab00000)
  object space 44032K, 32% used [0x0000000780000000,0x0000000780e15170,0x0000000782b00000)
 Metaspace       used 21014K, capacity 21198K, committed 21296K, reserved 1067008K
  class space    used 2801K, capacity 2832K, committed 2864K, reserved 1048576K
Event: 1.880 GC heap after
Heap after GC invocations=6 (full 1):
 PSYoungGen      total 35328K, used 0K [0x00000007aab00000, 0x00000007af800000, 0x00000007c0000000)
  eden space 32768K, 0% used [0x00000007aab00000,0x00000007aab00000,0x00000007acb00000)
  from space 2560K, 0% used [0x00000007acb00000,0x00000007acb00000,0x00000007acd80000)
  to   space 6656K, 0% used [0x00000007af180000,0x00000007af180000,0x00000007af800000)
 ParOldGen       total 37888K, used 8459K [0x0000000780000000, 0x0000000782500000, 0x00000007aab00000)
  object space 37888K, 22% used [0x0000000780000000,0x0000000780842e38,0x0000000782500000)
 Metaspace       used 21014K, capacity 21198K, committed 21296K, reserved 1067008K
  class space    used 2801K, capacity 2832K, committed 2864K, reserved 1048576K
}
Event: 2.978 GC heap before
{Heap before GC invocations=7 (full 1):
 PSYoungGen      total 35328K, used 32768K [0x00000007aab00000, 0x00000007af800000, 0x00000007c0000000)
  eden space 32768K, 100% used [0x00000007aab00000,0x00000007acb00000,0x00000007acb00000)
  from space 2560K, 0% used [0x00000007acb00000,0x00000007acb00000,0x00000007acd80000)
  to   space 6656K, 0% used [0x00000007af180000,0x00000007af180000,0x00000007af800000)
 ParOldGen       total 37888K, used 8459K [0x0000000780000000, 0x0000000782500000, 0x00000007aab00000)
  object space 37888K, 22% used [0x0000000780000000,0x0000000780842e38,0x0000000782500000)
 Metaspace       used 28070K, capacity 28310K, committed 28592K, reserved 1075200K
  class space    used 3640K, capacity 3728K, committed 3760K, reserved 1048576K
Event: 2.992 GC heap after
Heap after GC invocations=7 (full 1):
 PSYoungGen      total 53248K, used 6629K [0x00000007aab00000, 0x00000007af800000, 0x00000007c0000000)
  eden space 46592K, 0% used [0x00000007aab00000,0x00000007aab00000,0x00000007ad880000)
  from space 6656K, 99% used [0x00000007af180000,0x00000007af7f9648,0x00000007af800000)
  to   space 7680K, 0% used [0x00000007ae900000,0x00000007ae900000,0x00000007af080000)
 ParOldGen       total 37888K, used 9074K [0x0000000780000000, 0x0000000782500000, 0x00000007aab00000)
  object space 37888K, 23% used [0x0000000780000000,0x00000007808dcb28,0x0000000782500000)
 Metaspace       used 28070K, capacity 28310K, committed 28592K, reserved 1075200K
  class space    used 3640K, capacity 3728K, committed 3760K, reserved 1048576K
}
Event: 4.122 GC heap before
{Heap before GC invocations=8 (full 1):
 PSYoungGen      total 53248K, used 53221K [0x00000007aab00000, 0x00000007af800000, 0x00000007c0000000)
  eden space 46592K, 100% used [0x00000007aab00000,0x00000007ad880000,0x00000007ad880000)
  from space 6656K, 99% used [0x00000007af180000,0x00000007af7f9648,0x00000007af800000)
  to   space 7680K, 0% used [0x00000007ae900000,0x00000007ae900000,0x00000007af080000)
 ParOldGen       total 37888K, used 9074K [0x0000000780000000, 0x0000000782500000, 0x00000007aab00000)
  object space 37888K, 23% used [0x0000000780000000,0x00000007808dcb28,0x0000000782500000)
 Metaspace       used 34691K, capacity 34982K, committed 35120K, reserved 1079296K
  class space    used 4553K, capacity 4648K, committed 4656K, reserved 1048576K
Event: 4.142 GC heap after
Heap after GC invocations=8 (full 1):
 PSYoungGen      total 71168K, used 7675K [0x00000007aab00000, 0x00000007b0000000, 0x00000007c0000000)
  eden space 63488K, 0% used [0x00000007aab00000,0x00000007aab00000,0x00000007ae900000)
  from space 7680K, 99% used [0x00000007ae900000,0x00000007af07ec30,0x00000007af080000)
  to   space 10752K, 0% used [0x00000007af580000,0x00000007af580000,0x00000007b0000000)
 ParOldGen       total 37888K, used 13778K [0x0000000780000000, 0x0000000782500000, 0x00000007aab00000)
  object space 37888K, 36% used [0x0000000780000000,0x0000000780d74858,0x0000000782500000)
 Metaspace       used 34691K, capacity 34982K, committed 35120K, reserved 1079296K
  class space    used 4553K, capacity 4648K, committed 4656K, reserved 1048576K
}
Event: 10.608 GC heap before
{Heap before GC invocations=9 (full 1):
 PSYoungGen      total 71168K, used 12775K [0x00000007aab00000, 0x00000007b0000000, 0x00000007c0000000)
  eden space 63488K, 8% used [0x00000007aab00000,0x00000007aaffb1b0,0x00000007ae900000)
  from space 7680K, 99% used [0x00000007ae900000,0x00000007af07ec30,0x00000007af080000)
  to   space 10752K, 0% used [0x00000007af580000,0x00000007af580000,0x00000007b0000000)
 ParOldGen       total 37888K, used 13778K [0x0000000780000000, 0x0000000782500000, 0x00000007aab00000)
  object space 37888K, 36% used [0x0000000780000000,0x0000000780d74858,0x0000000782500000)
 Metaspace       used 35078K, capacity 35354K, committed 35496K, reserved 1079296K
  class space    used 4615K, capacity 4690K, committed 4776K, reserved 1048576K
Event: 10.618 GC heap after
Heap after GC invocations=9 (full 1):
 PSYoungGen      total 76800K, used 7088K [0x00000007aab00000, 0x00000007b1200000, 0x00000007c0000000)
  eden space 66048K, 0% used [0x00000007aab00000,0x00000007aab00000,0x00000007aeb80000)
  from space 10752K, 65% used [0x00000007af580000,0x00000007afc6c090,0x00000007b0000000)
  to   space 10240K, 0% used [0x00000007aeb80000,0x00000007aeb80000,0x00000007af580000)
 ParOldGen       total 37888K, used 13786K [0x0000000780000000, 0x0000000782500000, 0x00000007aab00000)
  object space 37888K, 36% used [0x0000000780000000,0x0000000780d76858,0x0000000782500000)
 Metaspace       used 35078K, capacity 35354K, committed 35496K, reserved 1079296K
  class space    used 4615K, capacity 4690K, committed 4776K, reserved 1048576K
}
Event: 10.618 GC heap before
{Heap before GC invocations=10 (full 2):
 PSYoungGen      total 76800K, used 7088K [0x00000007aab00000, 0x00000007b1200000, 0x00000007c0000000)
  eden space 66048K, 0% used [0x00000007aab00000,0x00000007aab00000,0x00000007aeb80000)
  from space 10752K, 65% used [0x00000007af580000,0x00000007afc6c090,0x00000007b0000000)
  to   space 10240K, 0% used [0x00000007aeb80000,0x00000007aeb80000,0x00000007af580000)
 ParOldGen       total 37888K, used 13786K [0x0000000780000000, 0x0000000782500000, 0x00000007aab00000)
  object space 37888K, 36% used [0x0000000780000000,0x0000000780d76858,0x0000000782500000)
 Metaspace       used 35078K, capacity 35354K, committed 35496K, reserved 1079296K
  class space    used 4615K, capacity 4690K, committed 4776K, reserved 1048576K
Event: 10.706 GC heap after
Heap after GC invocations=10 (full 2):
 PSYoungGen      total 76800K, used 0K [0x00000007aab00000, 0x00000007b1200000, 0x00000007c0000000)
  eden space 66048K, 0% used [0x00000007aab00000,0x00000007aab00000,0x00000007aeb80000)
  from space 10752K, 0% used [0x00000007af580000,0x00000007af580000,0x00000007b0000000)
  to   space 10240K, 0% used [0x00000007aeb80000,0x00000007aeb80000,0x00000007af580000)
 ParOldGen       total 58880K, used 12786K [0x0000000780000000, 0x0000000783980000, 0x00000007aab00000)
  object space 58880K, 21% used [0x0000000780000000,0x0000000780c7c898,0x0000000783980000)
 Metaspace       used 35078K, capacity 35354K, committed 35496K, reserved 1079296K
  class space    used 4615K, capacity 4690K, committed 4776K, reserved 1048576K
}

Deoptimization events (10 events):
Event: 3.857 Thread 0x00007ff081812000 Uncommon trap: reason=unstable_if action=reinterpret pc=0x000000010b99fd0c method=java.util.concurrent.ConcurrentHashMap.putVal(Ljava/lang/Object;Ljava/lang/Object;Z)Ljava/lang/Object; @ 331
Event: 3.898 Thread 0x00007ff081812000 Uncommon trap: reason=class_check action=maybe_recompile pc=0x000000010be4f418 method=java.lang.reflect.Executable.getAnnotation(Ljava/lang/Class;)Ljava/lang/annotation/Annotation; @ 19
Event: 3.903 Thread 0x00007ff081812000 Uncommon trap: reason=class_check action=maybe_recompile pc=0x000000010be4f418 method=java.lang.reflect.Executable.getAnnotation(Ljava/lang/Class;)Ljava/lang/annotation/Annotation; @ 19
Event: 3.904 Thread 0x00007ff081812000 Uncommon trap: reason=class_check action=maybe_recompile pc=0x000000010be4f418 method=java.lang.reflect.Executable.getAnnotation(Ljava/lang/Class;)Ljava/lang/annotation/Annotation; @ 19
Event: 3.905 Thread 0x00007ff081812000 Uncommon trap: reason=class_check action=maybe_recompile pc=0x000000010be4f418 method=java.lang.reflect.Executable.getAnnotation(Ljava/lang/Class;)Ljava/lang/annotation/Annotation; @ 19
Event: 3.922 Thread 0x00007ff081812000 Uncommon trap: reason=bimorphic action=maybe_recompile pc=0x000000010be58124 method=java.util.AbstractCollection.addAll(Ljava/util/Collection;)Z @ 29
Event: 4.061 Thread 0x00007ff081812000 Uncommon trap: reason=bimorphic action=maybe_recompile pc=0x000000010be58124 method=java.util.AbstractCollection.addAll(Ljava/util/Collection;)Z @ 29
Event: 4.070 Thread 0x00007ff081812000 Uncommon trap: reason=bimorphic action=maybe_recompile pc=0x000000010be58124 method=java.util.AbstractCollection.addAll(Ljava/util/Collection;)Z @ 29
Event: 4.070 Thread 0x00007ff081812000 Uncommon trap: reason=bimorphic action=maybe_recompile pc=0x000000010be58124 method=java.util.AbstractCollection.addAll(Ljava/util/Collection;)Z @ 29
Event: 636.641 Thread 0x00007ff081d99800 Uncommon trap: reason=unstable_if action=reinterpret pc=0x000000010bac82fc method=java.util.LinkedHashMap.get(Ljava/lang/Object;)Ljava/lang/Object; @ 20

Internal exceptions (10 events):
Event: 0.695 Thread 0x00007ff081812000 Exception <a 'java/lang/ArrayIndexOutOfBoundsException'> (0x00000007ab4e0d90) thrown at [/Users/java_re/workspace/8-2-build-macosx-x86_64/jdk8u65/4987/hotspot/src/share/vm/runtime/sharedRuntime.cpp, line 605]
Event: 0.877 Thread 0x00007ff081812000 Exception <a 'java/lang/ArrayIndexOutOfBoundsException': 91> (0x00000007aac56400) thrown at [/Users/java_re/workspace/8-2-build-macosx-x86_64/jdk8u65/4987/hotspot/src/share/vm/interpreter/interpreterRuntime.cpp, line 366]
Event: 1.161 Thread 0x00007ff081812000 Implicit null exception at 0x000000010b8ecc33 to 0x000000010b8ecfb5
Event: 1.161 Thread 0x00007ff081812000 Implicit null exception at 0x000000010b8823b5 to 0x000000010b882715
Event: 2.102 Thread 0x00007ff081812000 Exception <a 'java/lang/NullPointerException'> (0x00000007aaf65438) thrown at [/Users/java_re/workspace/8-2-build-macosx-x86_64/jdk8u65/4987/hotspot/src/share/vm/runtime/reflection.cpp, line 922]
Event: 2.333 Thread 0x00007ff081812000 Exception <a 'java/lang/reflect/InvocationTargetException'> (0x00000007ab182150) thrown at [/Users/java_re/workspace/8-2-build-macosx-x86_64/jdk8u65/4987/hotspot/src/share/vm/runtime/reflection.cpp, line 1092]
Event: 2.333 Thread 0x00007ff081812000 Exception <a 'java/lang/reflect/InvocationTargetException'> (0x00000007ab182360) thrown at [/Users/java_re/workspace/8-2-build-macosx-x86_64/jdk8u65/4987/hotspot/src/share/vm/runtime/reflection.cpp, line 1092]
Event: 2.737 Thread 0x00007ff081812000 Exception <a 'java/lang/NoSuchFieldError': method resolution failed> (0x00000007ac145140) thrown at [/Users/java_re/workspace/8-2-build-macosx-x86_64/jdk8u65/4987/hotspot/src/share/vm/prims/methodHandles.cpp, line 1146]
Event: 2.739 Thread 0x00007ff081812000 Exception <a 'java/lang/NoSuchFieldError': method resolution failed> (0x00000007ac152800) thrown at [/Users/java_re/workspace/8-2-build-macosx-x86_64/jdk8u65/4987/hotspot/src/share/vm/prims/methodHandles.cpp, line 1146]
Event: 21258.407 Thread 0x00007ff084928800 Exception <a 'java/io/IOException'> (0x00000007ab6249a0) thrown at [/Users/java_re/workspace/8-2-build-macosx-x86_64/jdk8u65/4987/hotspot/src/share/vm/prims/jni.cpp, line 709]

Events (10 events):
Event: 21258.360 loading class sun/misc/Signal$1 done
Event: 21258.370 Thread 0x00007ff084d0c800 Thread added: 0x00007ff084d0c800
Event: 21258.375 Thread 0x00007ff0858b5800 Thread added: 0x00007ff0858b5800
Event: 21258.377 Thread 0x00007ff084b4b800 Thread added: 0x00007ff084b4b800
Event: 21258.377 Thread 0x00007ff08619c000 Thread added: 0x00007ff08619c000
Event: 21258.403 Thread 0x00007ff084b4b800 Thread exited: 0x00007ff084b4b800
Event: 21258.408 loading class java/nio/channels/AsynchronousCloseException
Event: 21258.409 loading class org/eclipse/jetty/util/FutureCallback
Event: 21258.409 loading class org/eclipse/jetty/util/FutureCallback done
Event: 21258.410 loading class java/nio/channels/AsynchronousCloseException done


Dynamic libraries:
0x000000000a466000 	/System/Library/Frameworks/Cocoa.framework/Versions/A/Cocoa
0x000000000a466000 	/System/Library/Frameworks/Security.framework/Versions/A/Security
0x000000000a466000 	/System/Library/Frameworks/ApplicationServices.framework/Versions/A/ApplicationServices
0x000000000a466000 	/usr/lib/libz.1.dylib
0x000000000a466000 	/usr/lib/libSystem.B.dylib
0x000000000a466000 	/usr/lib/libobjc.A.dylib
0x000000000a466000 	/System/Library/Frameworks/CoreFoundation.framework/Versions/A/CoreFoundation
0x000000000a466000 	/System/Library/Frameworks/Foundation.framework/Versions/C/Foundation
0x000000000a466000 	/System/Library/Frameworks/AppKit.framework/Versions/C/AppKit
0x000000000a466000 	/System/Library/Frameworks/CoreData.framework/Versions/A/CoreData
0x000000000a466000 	/System/Library/PrivateFrameworks/RemoteViewServices.framework/Versions/A/RemoteViewServices
0x000000000a466000 	/System/Library/PrivateFrameworks/UIFoundation.framework/Versions/A/UIFoundation
0x000000000a466000 	/System/Library/Frameworks/IOSurface.framework/Versions/A/IOSurface
0x000000000a466000 	/System/Library/Frameworks/AudioToolbox.framework/Versions/A/AudioToolbox
0x000000000a466000 	/System/Library/Frameworks/AudioUnit.framework/Versions/A/AudioUnit
0x000000000a466000 	/System/Library/PrivateFrameworks/DataDetectorsCore.framework/Versions/A/DataDetectorsCore
0x000000000a466000 	/System/Library/PrivateFrameworks/DesktopServicesPriv.framework/Versions/A/DesktopServicesPriv
0x000000000a466000 	/System/Library/Frameworks/Carbon.framework/Versions/A/Frameworks/HIToolbox.framework/Versions/A/HIToolbox
0x000000000a466000 	/System/Library/Frameworks/QuartzCore.framework/Versions/A/QuartzCore
0x000000000a466000 	/System/Library/Frameworks/Carbon.framework/Versions/A/Frameworks/SpeechRecognition.framework/Versions/A/SpeechRecognition
0x000000000a466000 	/usr/lib/libauto.dylib
0x000000000a466000 	/usr/lib/libicucore.A.dylib
0x000000000a466000 	/usr/lib/libxml2.2.dylib
0x000000000a466000 	/System/Library/PrivateFrameworks/CoreUI.framework/Versions/A/CoreUI
0x000000000a466000 	/System/Library/Frameworks/CoreAudio.framework/Versions/A/CoreAudio
0x000000000a466000 	/System/Library/Frameworks/DiskArbitration.framework/Versions/A/DiskArbitration
0x000000000a466000 	/usr/lib/liblangid.dylib
0x000000000a466000 	/System/Library/PrivateFrameworks/MultitouchSupport.framework/Versions/A/MultitouchSupport
0x000000000a466000 	/System/Library/Frameworks/IOKit.framework/Versions/A/IOKit
0x000000000a466000 	/usr/lib/libDiagnosticMessagesClient.dylib
0x000000000a466000 	/System/Library/Frameworks/CoreServices.framework/Versions/A/CoreServices
0x000000000a466000 	/System/Library/PrivateFrameworks/PerformanceAnalysis.framework/Versions/A/PerformanceAnalysis
0x000000000a466000 	/System/Library/PrivateFrameworks/GenerationalStorage.framework/Versions/A/GenerationalStorage
0x000000000a466000 	/System/Library/Frameworks/OpenGL.framework/Versions/A/OpenGL
0x000000000a466000 	/System/Library/PrivateFrameworks/Sharing.framework/Versions/A/Sharing
0x000000000a466000 	/System/Library/Frameworks/CoreGraphics.framework/Versions/A/CoreGraphics
0x000000000a466000 	/System/Library/Frameworks/CoreText.framework/Versions/A/CoreText
0x000000000a466000 	/System/Library/Frameworks/ImageIO.framework/Versions/A/ImageIO
0x000000000a466000 	/usr/lib/libextension.dylib
0x000000000a466000 	/System/Library/PrivateFrameworks/Backup.framework/Versions/A/Backup
0x000000000a466000 	/usr/lib/libarchive.2.dylib
0x000000000a466000 	/System/Library/Frameworks/CFNetwork.framework/Versions/A/CFNetwork
0x000000000a466000 	/System/Library/Frameworks/SystemConfiguration.framework/Versions/A/SystemConfiguration
0x000000000a466000 	/usr/lib/libCRFSuite.dylib
0x000000000a466000 	/usr/lib/libc++.1.dylib
0x000000000a466000 	/usr/lib/libc++abi.dylib
0x000000000a466000 	/usr/lib/system/libcache.dylib
0x000000000a466000 	/usr/lib/system/libcommonCrypto.dylib
0x000000000a466000 	/usr/lib/system/libcompiler_rt.dylib
0x000000000a466000 	/usr/lib/system/libcopyfile.dylib
0x000000000a466000 	/usr/lib/system/libcorecrypto.dylib
0x000000000a466000 	/usr/lib/system/libdispatch.dylib
0x000000000a466000 	/usr/lib/system/libdyld.dylib
0x000000000a466000 	/usr/lib/system/libkeymgr.dylib
0x000000000a466000 	/usr/lib/system/liblaunch.dylib
0x000000000a466000 	/usr/lib/system/libmacho.dylib
0x000000000a466000 	/usr/lib/system/libquarantine.dylib
0x000000000a466000 	/usr/lib/system/libremovefile.dylib
0x000000000a466000 	/usr/lib/system/libsystem_asl.dylib
0x000000000a466000 	/usr/lib/system/libsystem_blocks.dylib
0x000000000a466000 	/usr/lib/system/libsystem_c.dylib
0x000000000a466000 	/usr/lib/system/libsystem_configuration.dylib
0x000000000a466000 	/usr/lib/system/libsystem_coreservices.dylib
0x000000000a466000 	/usr/lib/system/libsystem_coretls.dylib
0x000000000a466000 	/usr/lib/system/libsystem_dnssd.dylib
0x000000000a466000 	/usr/lib/system/libsystem_info.dylib
0x000000000a466000 	/usr/lib/system/libsystem_kernel.dylib
0x000000000a466000 	/usr/lib/system/libsystem_m.dylib
0x000000000a466000 	/usr/lib/system/libsystem_malloc.dylib
0x000000000a466000 	/usr/lib/system/libsystem_network.dylib
0x000000000a466000 	/usr/lib/system/libsystem_networkextension.dylib
0x000000000a466000 	/usr/lib/system/libsystem_notify.dylib
0x000000000a466000 	/usr/lib/system/libsystem_platform.dylib
0x000000000a466000 	/usr/lib/system/libsystem_pthread.dylib
0x000000000a466000 	/usr/lib/system/libsystem_sandbox.dylib
0x000000000a466000 	/usr/lib/system/libsystem_secinit.dylib
0x000000000a466000 	/usr/lib/system/libsystem_stats.dylib
0x000000000a466000 	/usr/lib/system/libsystem_trace.dylib
0x000000000a466000 	/usr/lib/system/libunc.dylib
0x000000000a466000 	/usr/lib/system/libunwind.dylib
0x000000000a466000 	/usr/lib/system/libxpc.dylib
0x000000000a466000 	/usr/lib/libbz2.1.0.dylib
0x000000000a466000 	/usr/lib/liblzma.5.dylib
0x000000000a466000 	/usr/lib/libbsm.0.dylib
0x000000000a466000 	/usr/lib/libsqlite3.dylib
0x000000000a466000 	/usr/lib/system/libkxld.dylib
0x000000000a466000 	/usr/lib/libxar.1.dylib
0x000000000a466000 	/usr/lib/libpam.2.dylib
0x000000000a466000 	/usr/lib/libOpenScriptingUtil.dylib
0x000000000a466000 	/System/Library/Frameworks/CoreServices.framework/Versions/A/Frameworks/FSEvents.framework/Versions/A/FSEvents
0x000000000a466000 	/System/Library/Frameworks/CoreServices.framework/Versions/A/Frameworks/CarbonCore.framework/Versions/A/CarbonCore
0x000000000a466000 	/System/Library/Frameworks/CoreServices.framework/Versions/A/Frameworks/Metadata.framework/Versions/A/Metadata
0x000000000a466000 	/System/Library/Frameworks/CoreServices.framework/Versions/A/Frameworks/OSServices.framework/Versions/A/OSServices
0x000000000a466000 	/System/Library/Frameworks/CoreServices.framework/Versions/A/Frameworks/SearchKit.framework/Versions/A/SearchKit
0x000000000a466000 	/System/Library/Frameworks/CoreServices.framework/Versions/A/Frameworks/AE.framework/Versions/A/AE
0x000000000a466000 	/System/Library/Frameworks/CoreServices.framework/Versions/A/Frameworks/LaunchServices.framework/Versions/A/LaunchServices
0x000000000a466000 	/System/Library/Frameworks/CoreServices.framework/Versions/A/Frameworks/DictionaryServices.framework/Versions/A/DictionaryServices
0x000000000a466000 	/System/Library/Frameworks/NetFS.framework/Versions/A/NetFS
0x000000000a466000 	/System/Library/PrivateFrameworks/NetAuth.framework/Versions/A/NetAuth
0x000000000a466000 	/System/Library/PrivateFrameworks/login.framework/Versions/A/Frameworks/loginsupport.framework/Versions/A/loginsupport
0x000000000a466000 	/System/Library/PrivateFrameworks/TCC.framework/Versions/A/TCC
0x000000000a466000 	/usr/lib/libmecabra.dylib
0x000000000a466000 	/System/Library/Frameworks/ApplicationServices.framework/Versions/A/Frameworks/ATS.framework/Versions/A/ATS
0x000000000a466000 	/System/Library/Frameworks/ApplicationServices.framework/Versions/A/Frameworks/ColorSync.framework/Versions/A/ColorSync
0x000000000a466000 	/System/Library/Frameworks/ApplicationServices.framework/Versions/A/Frameworks/HIServices.framework/Versions/A/HIServices
0x000000000a466000 	/System/Library/Frameworks/ApplicationServices.framework/Versions/A/Frameworks/LangAnalysis.framework/Versions/A/LangAnalysis
0x000000000a466000 	/System/Library/Frameworks/ApplicationServices.framework/Versions/A/Frameworks/PrintCore.framework/Versions/A/PrintCore
0x000000000a466000 	/System/Library/Frameworks/ApplicationServices.framework/Versions/A/Frameworks/QD.framework/Versions/A/QD
0x000000000a466000 	/System/Library/Frameworks/ApplicationServices.framework/Versions/A/Frameworks/SpeechSynthesis.framework/Versions/A/SpeechSynthesis
0x000000000a466000 	/System/Library/Frameworks/Accelerate.framework/Versions/A/Accelerate
0x000000000a466000 	/System/Library/Frameworks/Accelerate.framework/Versions/A/Frameworks/vImage.framework/Versions/A/vImage
0x000000000a466000 	/System/Library/Frameworks/Accelerate.framework/Versions/A/Frameworks/vecLib.framework/Versions/A/vecLib
0x000000000a466000 	/System/Library/Frameworks/Accelerate.framework/Versions/A/Frameworks/vecLib.framework/Versions/A/libvDSP.dylib
0x000000000a466000 	/System/Library/Frameworks/Accelerate.framework/Versions/A/Frameworks/vecLib.framework/Versions/A/libvMisc.dylib
0x000000000a466000 	/System/Library/Frameworks/Accelerate.framework/Versions/A/Frameworks/vecLib.framework/Versions/A/libLAPACK.dylib
0x000000000a466000 	/System/Library/Frameworks/Accelerate.framework/Versions/A/Frameworks/vecLib.framework/Versions/A/libBLAS.dylib
0x000000000a466000 	/System/Library/Frameworks/Accelerate.framework/Versions/A/Frameworks/vecLib.framework/Versions/A/libLinearAlgebra.dylib
0x000000000a466000 	/System/Library/Frameworks/ApplicationServices.framework/Versions/A/Frameworks/ATS.framework/Versions/A/Resources/libFontParser.dylib
0x000000000a466000 	/System/Library/Frameworks/ApplicationServices.framework/Versions/A/Frameworks/ATS.framework/Versions/A/Resources/libFontRegistry.dylib
0x000000000a466000 	/System/Library/PrivateFrameworks/AppleVPA.framework/Versions/A/AppleVPA
0x000000000a466000 	/System/Library/PrivateFrameworks/AppleJPEG.framework/Versions/A/AppleJPEG
0x000000000a466000 	/System/Library/Frameworks/ImageIO.framework/Versions/A/Resources/libJPEG.dylib
0x000000000a466000 	/System/Library/Frameworks/ImageIO.framework/Versions/A/Resources/libTIFF.dylib
0x000000000a466000 	/System/Library/Frameworks/ImageIO.framework/Versions/A/Resources/libPng.dylib
0x000000000a466000 	/System/Library/Frameworks/ImageIO.framework/Versions/A/Resources/libGIF.dylib
0x000000000a466000 	/System/Library/Frameworks/ImageIO.framework/Versions/A/Resources/libJP2.dylib
0x000000000a466000 	/System/Library/Frameworks/ImageIO.framework/Versions/A/Resources/libRadiance.dylib
0x000000000a466000 	/System/Library/Frameworks/CoreVideo.framework/Versions/A/CoreVideo
0x000000000a466000 	/System/Library/Frameworks/OpenGL.framework/Versions/A/Libraries/libGLU.dylib
0x000000000a466000 	/System/Library/Frameworks/OpenGL.framework/Versions/A/Libraries/libGFXShared.dylib
0x000000000a466000 	/System/Library/Frameworks/OpenGL.framework/Versions/A/Libraries/libGL.dylib
0x000000000a466000 	/System/Library/Frameworks/OpenGL.framework/Versions/A/Libraries/libGLImage.dylib
0x000000000a466000 	/System/Library/Frameworks/OpenGL.framework/Versions/A/Libraries/libCVMSPluginSupport.dylib
0x000000000a466000 	/System/Library/Frameworks/OpenGL.framework/Versions/A/Libraries/libCoreVMClient.dylib
0x000000000a466000 	/usr/lib/libcups.2.dylib
0x000000000a466000 	/System/Library/Frameworks/Kerberos.framework/Versions/A/Kerberos
0x000000000a466000 	/System/Library/Frameworks/GSS.framework/Versions/A/GSS
0x000000000a466000 	/usr/lib/libresolv.9.dylib
0x000000000a466000 	/usr/lib/libiconv.2.dylib
0x000000000a466000 	/System/Library/PrivateFrameworks/Heimdal.framework/Versions/A/Heimdal
0x000000000a466000 	/usr/lib/libheimdal-asn1.dylib
0x000000000a466000 	/System/Library/Frameworks/OpenDirectory.framework/Versions/A/OpenDirectory
0x000000000a466000 	/System/Library/PrivateFrameworks/CommonAuth.framework/Versions/A/CommonAuth
0x000000000a466000 	/System/Library/Frameworks/OpenDirectory.framework/Versions/A/Frameworks/CFOpenDirectory.framework/Versions/A/CFOpenDirectory
0x000000000a466000 	/System/Library/Frameworks/SecurityFoundation.framework/Versions/A/SecurityFoundation
0x000000000a466000 	/System/Library/PrivateFrameworks/LanguageModeling.framework/Versions/A/LanguageModeling
0x000000000a466000 	/usr/lib/libcmph.dylib
0x000000000a466000 	/System/Library/Frameworks/ServiceManagement.framework/Versions/A/ServiceManagement
0x000000000a466000 	/usr/lib/libxslt.1.dylib
0x000000000a466000 	/System/Library/Frameworks/Carbon.framework/Versions/A/Frameworks/Ink.framework/Versions/A/Ink
0x000000000a466000 	/System/Library/Frameworks/QuartzCore.framework/Versions/A/Frameworks/CoreImage.framework/Versions/A/CoreImage
0x000000000a466000 	/System/Library/PrivateFrameworks/CrashReporterSupport.framework/Versions/A/CrashReporterSupport
0x000000000a466000 	/System/Library/Frameworks/OpenCL.framework/Versions/A/OpenCL
0x000000000a466000 	/System/Library/PrivateFrameworks/FaceCore.framework/Versions/A/FaceCore
0x000000000a466000 	/System/Library/PrivateFrameworks/Ubiquity.framework/Versions/A/Ubiquity
0x000000000a466000 	/System/Library/PrivateFrameworks/IconServices.framework/Versions/A/IconServices
0x000000000a466000 	/System/Library/PrivateFrameworks/ChunkingLibrary.framework/Versions/A/ChunkingLibrary
0x000000000a466000 	/System/Library/PrivateFrameworks/Apple80211.framework/Versions/A/Apple80211
0x000000000a466000 	/System/Library/Frameworks/CoreWLAN.framework/Versions/A/CoreWLAN
0x000000000a466000 	/System/Library/Frameworks/IOBluetooth.framework/Versions/A/IOBluetooth
0x000000000a466000 	/System/Library/PrivateFrameworks/CoreWiFi.framework/Versions/A/CoreWiFi
0x000000000a466000 	/System/Library/Frameworks/CoreBluetooth.framework/Versions/A/CoreBluetooth
0x000000000a466000 	/System/Library/PrivateFrameworks/DebugSymbols.framework/Versions/A/DebugSymbols
0x000000000a466000 	/System/Library/PrivateFrameworks/CoreSymbolication.framework/Versions/A/CoreSymbolication
0x000000000a466000 	/System/Library/PrivateFrameworks/Symbolication.framework/Versions/A/Symbolication
0x000000000a466000 	/System/Library/PrivateFrameworks/SpeechRecognitionCore.framework/Versions/A/SpeechRecognitionCore
0x000000010a600000 	/Library/Java/JavaVirtualMachines/jdk1.8.0_65.jdk/Contents/Home/jre/lib/server/libjvm.dylib
0x000000000a466000 	/usr/lib/libstdc++.6.dylib
0x0000000109d27000 	/Library/Java/JavaVirtualMachines/jdk1.8.0_65.jdk/Contents/Home/jre/lib/libverify.dylib
0x0000000109d35000 	/Library/Java/JavaVirtualMachines/jdk1.8.0_65.jdk/Contents/Home/jre/lib/libjava.dylib
0x0000000109d74000 	/Library/Java/JavaVirtualMachines/jdk1.8.0_65.jdk/Contents/Home/jre/lib/libzip.dylib
0x000000011f103000 	/System/Library/Frameworks/JavaVM.framework/Frameworks/JavaRuntimeSupport.framework/JavaRuntimeSupport
0x0000000109dec000 	/System/Library/Frameworks/JavaVM.framework/Versions/A/Frameworks/JavaNativeFoundation.framework/Versions/A/JavaNativeFoundation
0x000000011f119000 	/System/Library/Frameworks/JavaVM.framework/Versions/A/JavaVM
0x000000000a466000 	/System/Library/Frameworks/Carbon.framework/Versions/A/Carbon
0x000000011f125000 	/System/Library/PrivateFrameworks/JavaLaunching.framework/Versions/A/JavaLaunching
0x000000000a466000 	/System/Library/Frameworks/Carbon.framework/Versions/A/Frameworks/CommonPanels.framework/Versions/A/CommonPanels
0x000000000a466000 	/System/Library/Frameworks/Carbon.framework/Versions/A/Frameworks/Help.framework/Versions/A/Help
0x000000000a466000 	/System/Library/Frameworks/Carbon.framework/Versions/A/Frameworks/ImageCapture.framework/Versions/A/ImageCapture
0x000000000a466000 	/System/Library/Frameworks/Carbon.framework/Versions/A/Frameworks/OpenScripting.framework/Versions/A/OpenScripting
0x000000000a466000 	/System/Library/Frameworks/Carbon.framework/Versions/A/Frameworks/Print.framework/Versions/A/Print
0x000000000a466000 	/System/Library/Frameworks/Carbon.framework/Versions/A/Frameworks/SecurityHI.framework/Versions/A/SecurityHI
0x00000001211fb000 	/Library/Java/JavaVirtualMachines/jdk1.8.0_65.jdk/Contents/Home/jre/lib/libmanagement.dylib
0x0000000121aa5000 	/Library/Java/JavaVirtualMachines/jdk1.8.0_65.jdk/Contents/Home/jre/lib/libnet.dylib
0x0000000121abc000 	/Library/Java/JavaVirtualMachines/jdk1.8.0_65.jdk/Contents/Home/jre/lib/libnio.dylib

VM Arguments:
java_command: target/BetterEbay-1.0-SNAPSHOT.jar server BetterEbay.yml
java_class_path (initial): target/BetterEbay-1.0-SNAPSHOT.jar
Launcher Type: SUN_STANDARD

Environment Variables:
PATH=/usr/local/bin:/usr/bin:/bin:/usr/sbin:/sbin
SHELL=/bin/bash

Signal Handlers:
SIGSEGV: [libjvm.dylib+0x5a6d31], sa_mask[0]=11111111011111110111111111111111, sa_flags=SA_ONSTACK|SA_RESTART|SA_SIGINFO
SIGBUS: [libjvm.dylib+0x5a6d31], sa_mask[0]=11111111011111110111111111111111, sa_flags=SA_RESTART|SA_SIGINFO
SIGFPE: [libjvm.dylib+0x480a40], sa_mask[0]=11111111011111110111111111111111, sa_flags=SA_RESTART|SA_SIGINFO
SIGPIPE: [libjvm.dylib+0x480a40], sa_mask[0]=11111111011111110111111111111111, sa_flags=SA_RESTART|SA_SIGINFO
SIGXFSZ: [libjvm.dylib+0x480a40], sa_mask[0]=11111111011111110111111111111111, sa_flags=SA_RESTART|SA_SIGINFO
SIGILL: [libjvm.dylib+0x480a40], sa_mask[0]=11111111011111110111111111111111, sa_flags=SA_RESTART|SA_SIGINFO
SIGUSR1: SIG_DFL, sa_mask[0]=11011111011111100000000111000110, sa_flags=none
SIGUSR2: [libjvm.dylib+0x48055e], sa_mask[0]=00000000000000000000000000000000, sa_flags=SA_RESTART|SA_SIGINFO
SIGHUP: [libjvm.dylib+0x47eb35], sa_mask[0]=11111111011111110111111111111111, sa_flags=SA_RESTART|SA_SIGINFO
SIGINT: [libjvm.dylib+0x47eb35], sa_mask[0]=11111111011111110111111111111111, sa_flags=SA_RESTART|SA_SIGINFO
SIGTERM: [libjvm.dylib+0x47eb35], sa_mask[0]=11111111011111110111111111111111, sa_flags=SA_RESTART|SA_SIGINFO
SIGQUIT: [libjvm.dylib+0x47eb35], sa_mask[0]=11111111011111110111111111111111, sa_flags=SA_RESTART|SA_SIGINFO


---------------  S Y S T E M  ---------------

OS:Bsduname:Darwin 14.5.0 Darwin Kernel Version 14.5.0: Thu Apr 21 20:40:54 PDT 2016; root:xnu-2782.50.3~1/RELEASE_X86_64 x86_64
rlimit: STACK 8192k, CORE 0k, NPROC 709, NOFILE 10240, AS infinity
load average:1.41 1.65 1.84

CPU:total 4 (2 cores per cpu, 2 threads per core) family 6 model 69 stepping 1, cmov, cx8, fxsr, mmx, sse, sse2, sse3, ssse3, sse4.1, sse4.2, popcnt, avx, avx2, aes, clmul, erms, lzcnt, ht, tsc, tscinvbit, bmi1, bmi2

Memory: 4k page, physical 4194304k(18560k free)

/proc/meminfo:


vm_info: Java HotSpot(TM) 64-Bit Server VM (25.65-b01) for bsd-amd64 JRE (1.8.0_65-b17), built on Oct  6 2015 15:36:46 by "java_re" with gcc 4.2.1 (Based on Apple Inc. build 5658) (LLVM build 2336.11.00)

time: Fri Jul 15 12:51:37 2016
elapsed time: 21258 seconds (0d 5h 54m 18s)

